# JRE version: Java(TM) SE Runtime Environment 18.9 (11.0.8+10) (build 11.0.8+10-LTS)
# Java VM: Java HotSpot(TM) 64-Bit Server VM 18.9 (11.0.8+10-LTS, mixed mode, tiered, compressed oops, g1 gc, windows-amd64)
Heap:
 garbage-first heap   total 260096K, used 50450K [0x0000000703a00000, 0x0000000800000000)
  region size 1024K, 45 young (46080K), 5 survivors (5120K)
 Metaspace       used 34316K, capacity 34990K, committed 35068K, reserved 1079296K
  class space    used 4054K, capacity 4322K, committed 4352K, reserved 1048576K
GC Heap History (8 events):
Event: 0.554 GC heap before
{Heap before GC invocations=0 (full 0):
 garbage-first heap   total 260096K, used 23552K [0x0000000703a00000, 0x0000000800000000)
  region size 1024K, 24 young (24576K), 0 survivors (0K)
 Metaspace       used 13424K, capacity 13614K, committed 13824K, reserved 1060864K
  class space    used 1330K, capacity 1418K, committed 1536K, reserved 1048576K
}
Event: 0.559 GC heap after
{Heap after GC invocations=1 (full 0):
 garbage-first heap   total 260096K, used 6311K [0x0000000703a00000, 0x0000000800000000)
  region size 1024K, 3 young (3072K), 3 survivors (3072K)
 Metaspace       used 13424K, capacity 13614K, committed 13824K, reserved 1060864K
  class space    used 1330K, capacity 1418K, committed 1536K, reserved 1048576K
}
Event: 0.919 GC heap before
{Heap before GC invocations=1 (full 0):
 garbage-first heap   total 260096K, used 41127K [0x0000000703a00000, 0x0000000800000000)
  region size 1024K, 38 young (38912K), 3 survivors (3072K)
 Metaspace       used 20406K, capacity 20820K, committed 20992K, reserved 1067008K
  class space    used 2308K, capacity 2478K, committed 2560K, reserved 1048576K
}
Event: 0.923 GC heap after
{Heap after GC invocations=2 (full 0):
 garbage-first heap   total 260096K, used 8213K [0x0000000703a00000, 0x0000000800000000)
  region size 1024K, 2 young (2048K), 2 survivors (2048K)
 Metaspace       used 20406K, capacity 20820K, committed 20992K, reserved 1067008K
  class space    used 2308K, capacity 2478K, committed 2560K, reserved 1048576K
}
Event: 0.940 GC heap before
{Heap before GC invocations=2 (full 0):
 garbage-first heap   total 260096K, used 12309K [0x0000000703a00000, 0x0000000800000000)
  region size 1024K, 7 young (7168K), 2 survivors (2048K)
 Metaspace       used 20772K, capacity 21149K, committed 21248K, reserved 1069056K
  class space    used 2377K, capacity 2545K, committed 2560K, reserved 1048576K
}
Event: 0.943 GC heap after
{Heap after GC invocations=3 (full 0):
 garbage-first heap   total 260096K, used 8253K [0x0000000703a00000, 0x0000000800000000)
  region size 1024K, 2 young (2048K), 2 survivors (2048K)
 Metaspace       used 20772K, capacity 21149K, committed 21248K, reserved 1069056K
  class space    used 2377K, capacity 2545K, committed 2560K, reserved 1048576K
}
Event: 1.273 GC heap before
{Heap before GC invocations=4 (full 0):
 garbage-first heap   total 260096K, used 60477K [0x0000000703a00000, 0x0000000800000000)
  region size 1024K, 54 young (55296K), 2 survivors (2048K)
 Metaspace       used 27740K, capacity 28411K, committed 28668K, reserved 1075200K
  class space    used 3282K, capacity 3543K, committed 3584K, reserved 1048576K
}
Event: 1.277 GC heap after
{Heap after GC invocations=5 (full 0):
 garbage-first heap   total 260096K, used 10514K [0x0000000703a00000, 0x0000000800000000)
  region size 1024K, 5 young (5120K), 5 survivors (5120K)
 Metaspace       used 27740K, capacity 28411K, committed 28668K, reserved 1075200K
  class space    used 3282K, capacity 3543K, committed 3584K, reserved 1048576K
}

